<?xml version="1.0" encoding="UTF-8"?>
<!-- Generated by org.testng.reporters.JUnitReportReporter -->
<testsuite hostname="DVYAS" failures="0" tests="3" name="packComm.TestComm" time="18.581" errors="0" timestamp="2024-03-14T23:45:44 EDT" skipped="0">
  <testcase classname="packComm.TestComm" name="login" time="7.226"/>
  <system-out/>
  <testcase classname="packComm.TestComm" name="login" time="5.863"/>
  <system-out/>
  <testcase classname="packComm.TestComm" name="login" time="5.492"/>
  <system-out/>
</testsuite> <!-- packComm.TestComm -->
